<?xml version="1.0" encoding="UTF-8" standalone="no"?>
<testsuite failures="0" name="cucumber.runtime.formatter.JUnitFormatter" skipped="0" tests="3" time="68.697252">
<testcase classname="Use the website to find restaurants" name="Search for restaurants in an area" time="21.963652">
<system-out><![CDATA[Given I want food in "136 Market Avenue, Winnipeg, MB, Canada"..............passed
When I search for restaurants...............................................passed
Then I should see some restaurants in "136 Market Avenue, Winnipeg, MB, Canada".passed
]]></system-out>
</testcase>
<testcase classname="Use the website to find restaurants" name="Searchh for Italian Cuisines in an area" time="27.552588">
<system-out><![CDATA[Given I search for restaurants in my given area for "Italian"...............passed
When I want Italian cusine provider restaurants.............................passed
Then I should see some restaurants with Italian cusuine.....................passed
]]></system-out>
</testcase>
<testcase classname="Use the website to find restaurants" name="Click on skip the dishes logo should drive to home page" time="19.181012">
<system-out><![CDATA[Given I am on any other page than homepage..................................passed
When I click on skip the dishes logo........................................passed
Then I will land on home page...............................................passed
]]></system-out>
</testcase>
</testsuite>
