<?xml version="1.0" encoding="UTF-8"?>
<testng-results skipped="0" failed="0" ignored="0" total="3" passed="3">
  <reporter-output>
  </reporter-output>
  <suite name="Default suite" duration-ms="30310" started-at="2021-04-15T18:36:18Z" finished-at="2021-04-15T18:36:48Z">
    <groups>
    </groups>
    <test name="Default test" duration-ms="30310" started-at="2021-04-15T18:36:18Z" finished-at="2021-04-15T18:36:48Z">
      <class name="tests.HomeTest">
        <test-method status="PASS" signature="beforeMethod()[pri:0, instance:tests.HomeTest@6b19b79]" name="beforeMethod" is-config="true" duration-ms="3701" started-at="2021-04-15T18:36:18Z" finished-at="2021-04-15T18:36:22Z">
          <reporter-output>
          </reporter-output>
        </test-method> <!-- beforeMethod -->
        <test-method status="PASS" signature="add_computer()[pri:0, instance:tests.HomeTest@6b19b79]" name="add_computer" duration-ms="9439" started-at="2021-04-15T18:36:22Z" finished-at="2021-04-15T18:36:31Z">
          <reporter-output>
          </reporter-output>
        </test-method> <!-- add_computer -->
        <test-method status="PASS" signature="afterMethod()[pri:0, instance:tests.HomeTest@6b19b79]" name="afterMethod" is-config="true" duration-ms="1169" started-at="2021-04-15T18:36:31Z" finished-at="2021-04-15T18:36:32Z">
          <reporter-output>
          </reporter-output>
        </test-method> <!-- afterMethod -->
        <test-method status="PASS" signature="beforeMethod()[pri:0, instance:tests.HomeTest@6b19b79]" name="beforeMethod" is-config="true" duration-ms="2710" started-at="2021-04-15T18:36:32Z" finished-at="2021-04-15T18:36:35Z">
          <reporter-output>
          </reporter-output>
        </test-method> <!-- beforeMethod -->
        <test-method status="PASS" signature="delete_computer()[pri:0, instance:tests.HomeTest@6b19b79]" name="delete_computer" duration-ms="3954" started-at="2021-04-15T18:36:35Z" finished-at="2021-04-15T18:36:39Z">
          <reporter-output>
          </reporter-output>
        </test-method> <!-- delete_computer -->
        <test-method status="PASS" signature="afterMethod()[pri:0, instance:tests.HomeTest@6b19b79]" name="afterMethod" is-config="true" duration-ms="951" started-at="2021-04-15T18:36:39Z" finished-at="2021-04-15T18:36:40Z">
          <reporter-output>
          </reporter-output>
        </test-method> <!-- afterMethod -->
        <test-method status="PASS" signature="beforeMethod()[pri:0, instance:tests.HomeTest@6b19b79]" name="beforeMethod" is-config="true" duration-ms="2838" started-at="2021-04-15T18:36:40Z" finished-at="2021-04-15T18:36:43Z">
          <reporter-output>
          </reporter-output>
        </test-method> <!-- beforeMethod -->
        <test-method status="PASS" signature="fliter_computer()[pri:0, instance:tests.HomeTest@6b19b79]" name="fliter_computer" duration-ms="3597" started-at="2021-04-15T18:36:43Z" finished-at="2021-04-15T18:36:46Z">
          <reporter-output>
          </reporter-output>
        </test-method> <!-- fliter_computer -->
        <test-method status="PASS" signature="afterMethod()[pri:0, instance:tests.HomeTest@6b19b79]" name="afterMethod" is-config="true" duration-ms="1884" started-at="2021-04-15T18:36:46Z" finished-at="2021-04-15T18:36:48Z">
          <reporter-output>
          </reporter-output>
        </test-method> <!-- afterMethod -->
      </class> <!-- tests.HomeTest -->
    </test> <!-- Default test -->
  </suite> <!-- Default suite -->
</testng-results>
