<?xml version="1.0" encoding="UTF-8"?>
<!-- Generated by org.testng.reporters.JUnitXMLReporter -->
<testsuite hostname="user" ignored="0" name="Default test" tests="3" failures="0" timestamp="15 Apr 2021 18:36:48 GMT" time="30.31" errors="0">
  <testcase name="add_computer" time="9.439" classname="tests.HomeTest"/>
  <testcase name="delete_computer" time="3.954" classname="tests.HomeTest"/>
  <testcase name="fliter_computer" time="3.597" classname="tests.HomeTest"/>
</testsuite> <!-- Default test -->
