<?xml version="1.0" encoding="UTF-8"?>
<!-- Generated by org.testng.reporters.JUnitXMLReporter -->
<testsuite hostname="dell" ignored="0" name="Application Test" tests="2" failures="1" timestamp="01 Apr 2021 20:09:49 GMT" time="0.098" errors="0">
  <testcase name="testMethod1" time="0.015" classname="testngasserts.Testng_Listeners1"/>
  <testcase name="testMethod2" time="0.006" classname="testngasserts.Testng_Listeners1">
    <failure type="java.lang.AssertionError" message="expected [true] but found [false]">
      <![CDATA[java.lang.AssertionError: expected [true] but found [false]
at testngasserts.Testng_Listeners1.testMethod2(Testng_Listeners1.java:36)
... Removed 29 stack frames]]>
    </failure>
  </testcase> <!-- testMethod2 -->
</testsuite> <!-- Application Test -->
