<?xml version="1.0" encoding="UTF-8"?>
<!-- Generated by org.testng.reporters.JUnitXMLReporter -->
<testsuite hostname="dell" ignored="0" name="Application Test 1" tests="2" failures="1" timestamp="02 Apr 2021 18:28:55 GMT" time="0.058" errors="0">
  <testcase name="testMethod1" time="0.008" classname="testngasserts.Testng_Listeners2"/>
  <testcase name="testMethod2" time="0.004" classname="testngasserts.Testng_Listeners2">
    <failure type="java.lang.AssertionError" message="expected [true] but found [false]">
      <![CDATA[java.lang.AssertionError: expected [true] but found [false]
at testngasserts.Testng_Listeners2.testMethod2(Testng_Listeners2.java:37)
... Removed 29 stack frames]]>
    </failure>
  </testcase> <!-- testMethod2 -->
</testsuite> <!-- Application Test 1 -->
