<?xml version="1.0" encoding="UTF-8"?>
<!-- Generated by org.testng.reporters.JUnitXMLReporter -->
<testsuite hostname="dell" ignored="1" name="Grouping Test" tests="3" failures="0" timestamp="31 Mar 2021 19:27:03 GMT" time="0.097" errors="0">
  <testcase name="testBMWX6" time="0.026" classname="testngasserts.Testnggrouping"/>
  <testcase name="testNinja" time="0.002" classname="testngasserts.Testnggrouping"/>
  <testcase name="testhondaCBR" time="0.006" classname="testngasserts.Testnggrouping"/>
  <testcase name="testAudiA6" time="0.0" classname="testngasserts.Testnggrouping">
    <ignored/>
  </testcase> <!-- testAudiA6 -->
</testsuite> <!-- Grouping Test -->
